<?xml version="1.0" encoding="UTF-8"?>
<testng-results ignored="0" total="0" passed="0" failed="0" skipped="0">
  <reporter-output>
  </reporter-output>
  <suite started-at="2025-08-31T23:27:53 BST" name="Surefire suite" finished-at="2025-08-31T23:28:16 BST" duration-ms="23215">
    <groups>
    </groups>
    <test started-at="2025-08-31T23:27:53 BST" name="Surefire test" finished-at="2025-08-31T23:28:16 BST" duration-ms="23215">
    </test> <!-- Surefire test -->
  </suite> <!-- Surefire suite -->
</testng-results>
